<?xml version="1.0" encoding="UTF-8"?>
<testsuite name="Interactuar en la opcion menu elements" tests="1" skipped="0" failures="0" errors="0" timestamp="2023-12-13T04:31:56" hostname="HBOG5CG1291NSS" time="28.731">
  <properties/>
  <testcase name="Ingresar a la opcion radio button" classname="Interactuar en la opcion menu elements" time="28.731"/>
  <system-out><![CDATA[
]]></system-out>
  <system-err><![CDATA[[Test worker] WARN io.cucumber.core.plugin.SerenityReporter - Feature from file:///C:/workspace/RetosJava/src/test/resources/feature/menu_elements.feature is not under the 'features' directory. Requirements report will not be correctly generated!
[Test worker] INFO  - 
  _____   ___   ___   _____     ___   _____     _     ___   _____   ___   ___  
 |_   _| | __| / __| |_   _|   / __| |_   _|   /_\   | _ \ |_   _| | __| |   \ 
   | |   | _|  \__ \   | |     \__ \   | |    / _ \  |   /   | |   | _|  | |) |
   |_|   |___| |___/   |_|     |___/   |_|   /_/ \_\ |_|_\   |_|   |___| |___/ 

Ingresar a la opcion radio button(interactuar-en-la-opcion-menu-elements;ingresar-a-la-opcion-radio-button)
--------------------------------------------------------------------------------
[Test worker] INFO net.serenitybdd.core.webdriver.driverproviders.ChromeDriverProvider - Starting Chrome driver instance with capabilities:
[Test worker] INFO net.serenitybdd.core.webdriver.driverproviders.ChromeDriverProvider - Capabilities {acceptInsecureCerts: false, browserName: chrome, goog:chromeOptions: {args: [remote-allow-origins=*], extensions: []}}
dic. 12, 2023 11:31:59 P. M. org.openqa.selenium.manager.SeleniumManager lambda$runCommand$1
INFO: Driver path: C:\Users\tabaresc\.cache\selenium\chromedriver\win64\119.0.6045.105\chromedriver.exe
dic. 12, 2023 11:31:59 P. M. org.openqa.selenium.manager.SeleniumManager lambda$runCommand$1
INFO: Browser path: C:\Program Files\Google\Chrome\Application\chrome.exe
dic. 12, 2023 11:32:02 P. M. org.openqa.selenium.devtools.CdpVersionFinder findNearestMatch
WARNING: Unable to find an exact match for CDP version 119, so returning the closest version found: 116
[Test worker] INFO  - 
  _____   ___   ___   _____     ___     _     ___   ___   ___   ___  
 |_   _| | __| / __| |_   _|   | _ \   /_\   / __| / __| | __| |   \ 
   | |   | _|  \__ \   | |     |  _/  / _ \  \__ \ \__ \ | _|  | |) |
   |_|   |___| |___/   |_|     |_|   /_/ \_\ |___/ |___/ |___| |___/ 

Ingresar a la opcion radio button
----------------------------------------------------------------------
]]></system-err>
</testsuite>
